<?xml version="1.0" encoding="UTF-8"?>
<!-- Generated by org.testng.reporters.JUnitReportReporter -->
<testsuite hostname="mahmoud" failures="0" tests="1" name="com.automationexercise.tests.TestCase3" time="7.088" errors="0" timestamp="2024-08-03T05:58:02 EEST" skipped="0">
  <testcase classname="com.automationexercise.tests.TestCase3" name="loginUserWithIncorrectEmailAndPassword" time="7.088"/>
  <system-out/>
</testsuite> <!-- com.automationexercise.tests.TestCase3 -->
