<?xml version="1.0" encoding="UTF-8"?>
<!-- Generated by org.testng.reporters.JUnitReportReporter -->
<testsuite hostname="mahmoud" failures="0" tests="1" name="com.automationexercise.tests.TestCase5" time="7.144" errors="0" timestamp="2024-08-03T05:58:02 EEST" skipped="0">
  <testcase classname="com.automationexercise.tests.TestCase5" name="registerUserWithExistingEmail" time="7.144"/>
  <system-out/>
</testsuite> <!-- com.automationexercise.tests.TestCase5 -->
